<?xml version="1.0" encoding="UTF-8"?>
<!-- Generated by org.testng.reporters.JUnitXMLReporter -->
<testsuite ignored="0" hostname="BOOK-7F4GKOFG5N" failures="1" tests="2" name="GroupTesting" time="0.115" errors="0" timestamp="2026-05-29T22:34:24 IST">
  <testcase classname="Assignment_SeleniumWebdriver.Pr17_testngGroup_Ex" name="loginTest" time="0.021"/>
  <testcase classname="Assignment_SeleniumWebdriver.Pr17_testngGroup_Ex" name="searchProductTest" time="0.007">
    <failure type="java.lang.NullPointerException" message="Cannot invoke &amp;quot;org.openqa.selenium.WebDriver.findElement(org.openqa.selenium.By)&amp;quot; because &amp;quot;this.driver&amp;quot; is null">
      <![CDATA[java.lang.NullPointerException: Cannot invoke "org.openqa.selenium.WebDriver.findElement(org.openqa.selenium.By)" because "this.driver" is null
at Assignment_SeleniumWebdriver.Pr17_testngGroup_Ex.searchProductTest(Pr17_testngGroup_Ex.java:42)
at java.base/java.util.ArrayList.forEach(ArrayList.java:1596)
... Removed 25 stack frames]]>
    </failure>
  </testcase> <!-- searchProductTest -->
</testsuite> <!-- GroupTesting -->
