<?xml version="1.0" encoding="UTF-8"?>
<!-- Generated by org.testng.reporters.JUnitReportReporter -->
<testsuite hostname="BOOK-7F4GKOFG5N" failures="0" tests="6" name="DataProvider_Programs.Age_Validation_For_Election_Ex" time="0.060" errors="0" timestamp="2026-05-20T18:14:23 IST" skipped="0">
  <testcase classname="DataProvider_Programs.Age_Validation_For_Election_Ex" name="validateAge" time="0.047"/>
  <testcase classname="DataProvider_Programs.Age_Validation_For_Election_Ex" name="validateAge" time="0.004"/>
  <testcase classname="DataProvider_Programs.Age_Validation_For_Election_Ex" name="validateAge" time="0.001"/>
  <testcase classname="DataProvider_Programs.Age_Validation_For_Election_Ex" name="validateAge" time="0.002"/>
  <testcase classname="DataProvider_Programs.Age_Validation_For_Election_Ex" name="validateAge" time="0.004"/>
  <testcase classname="DataProvider_Programs.Age_Validation_For_Election_Ex" name="validateAge" time="0.002"/>
</testsuite> <!-- DataProvider_Programs.Age_Validation_For_Election_Ex -->
