<?xml version="1.0" encoding="UTF-8"?>
<!-- Generated by org.testng.reporters.JUnitReportReporter -->
<testsuite hostname="BOOK-7F4GKOFG5N" failures="0" tests="3" name="Assignment_SeleniumWebdriver.Pr16_parameterLoginTest" time="2.633" errors="0" timestamp="2026-05-29T00:59:33 IST" skipped="0">
  <testcase classname="Assignment_SeleniumWebdriver.Pr16_parameterLoginTest" name="loginTest" time="0.417"/>
  <testcase classname="Assignment_SeleniumWebdriver.Pr16_parameterLoginTest" name="loginTest" time="1.855"/>
  <testcase classname="Assignment_SeleniumWebdriver.Pr16_parameterLoginTest" name="loginTest" time="0.361"/>
</testsuite> <!-- Assignment_SeleniumWebdriver.Pr16_parameterLoginTest -->
