<?xml version="1.0" encoding="UTF-8"?>
<!-- Generated by org.testng.reporters.JUnitReportReporter -->
<testsuite hostname="BOOK-7F4GKOFG5N" failures="0" tests="4" name="DataProvider_Programs.StudentResult_System" time="0.065" errors="0" timestamp="2026-05-20T18:40:21 IST" skipped="0">
  <testcase classname="DataProvider_Programs.StudentResult_System" name="Student_Result" time="0.055"/>
  <testcase classname="DataProvider_Programs.StudentResult_System" name="Student_Result" time="0.003"/>
  <testcase classname="DataProvider_Programs.StudentResult_System" name="Student_Result" time="0.004"/>
  <testcase classname="DataProvider_Programs.StudentResult_System" name="Student_Result" time="0.003"/>
</testsuite> <!-- DataProvider_Programs.StudentResult_System -->
