<?xml version="1.0" encoding="UTF-8"?>
<!-- Generated by org.testng.reporters.JUnitReportReporter -->
<testsuite hostname="BOOK-7F4GKOFG5N" failures="0" tests="7" name="DataProvider_Programs.ValidateMobileNo_Program" time="0.036" errors="0" timestamp="2026-05-20T19:18:49 IST" skipped="0">
  <testcase classname="DataProvider_Programs.ValidateMobileNo_Program" name="validateMobileNo" time="0.003"/>
  <testcase classname="DataProvider_Programs.ValidateMobileNo_Program" name="validateMobileNo" time="0.003"/>
  <testcase classname="DataProvider_Programs.ValidateMobileNo_Program" name="validateMobileNo" time="0.003"/>
  <testcase classname="DataProvider_Programs.ValidateMobileNo_Program" name="validateMobileNo" time="0.002"/>
  <testcase classname="DataProvider_Programs.ValidateMobileNo_Program" name="validateMobileNo" time="0.003"/>
  <testcase classname="DataProvider_Programs.ValidateMobileNo_Program" name="validateMobileNo" time="0.004"/>
  <testcase classname="DataProvider_Programs.ValidateMobileNo_Program" name="validateMobileNo" time="0.018"/>
</testsuite> <!-- DataProvider_Programs.ValidateMobileNo_Program -->
