<?xml version="1.0" encoding="UTF-8"?>
<!-- Generated by org.testng.reporters.JUnitReportReporter -->
<testsuite hostname="BOOK-7F4GKOFG5N" failures="0" tests="9" name="DataProvider_Programs.Odd_Even_Number_WithDataProvider" time="0.041" errors="0" timestamp="2026-05-20T16:30:44 IST" skipped="0">
  <testcase classname="DataProvider_Programs.Odd_Even_Number_WithDataProvider" name="Test_Odd_Even_Numbers" time="0.001"/>
  <testcase classname="DataProvider_Programs.Odd_Even_Number_WithDataProvider" name="Test_Odd_Even_Numbers" time="0.005"/>
  <testcase classname="DataProvider_Programs.Odd_Even_Number_WithDataProvider" name="Test_Odd_Even_Numbers" time="0.002"/>
  <testcase classname="DataProvider_Programs.Odd_Even_Number_WithDataProvider" name="Test_Odd_Even_Numbers" time="0.022"/>
  <testcase classname="DataProvider_Programs.Odd_Even_Number_WithDataProvider" name="Test_Odd_Even_Numbers" time="0.003"/>
  <testcase classname="DataProvider_Programs.Odd_Even_Number_WithDataProvider" name="Test_Odd_Even_Numbers" time="0.002"/>
  <testcase classname="DataProvider_Programs.Odd_Even_Number_WithDataProvider" name="Test_Odd_Even_Numbers" time="0.001"/>
  <testcase classname="DataProvider_Programs.Odd_Even_Number_WithDataProvider" name="Test_Odd_Even_Numbers" time="0.003"/>
  <testcase classname="DataProvider_Programs.Odd_Even_Number_WithDataProvider" name="Test_Odd_Even_Numbers" time="0.002"/>
</testsuite> <!-- DataProvider_Programs.Odd_Even_Number_WithDataProvider -->
