<?xml version="1.0" encoding="UTF-8"?>
<!-- Generated by org.testng.reporters.JUnitReportReporter -->
<testsuite hostname="BOOK-7F4GKOFG5N" failures="0" tests="3" name="Assignment_SeleniumWebdriver.Pr15_testngGmailLogin" time="3.136" errors="0" timestamp="2026-05-29T00:37:40 IST" skipped="0">
  <testcase classname="Assignment_SeleniumWebdriver.Pr15_testngGmailLogin" name="positiveLoginTest" time="2.385"/>
  <testcase classname="Assignment_SeleniumWebdriver.Pr15_testngGmailLogin" name="NegativeUsernameTest" time="0.386"/>
  <testcase classname="Assignment_SeleniumWebdriver.Pr15_testngGmailLogin" name="NegativePasswordTest" time="0.365"/>
</testsuite> <!-- Assignment_SeleniumWebdriver.Pr15_testngGmailLogin -->
