<?xml version="1.0" encoding="UTF-8"?>
<!-- Generated by org.testng.reporters.JUnitReportReporter -->
<testsuite hostname="BOOK-7F4GKOFG5N" failures="0" tests="6" name="DataProvider_Programs.DataProvider_Demo_Ex" time="0.046" errors="0" timestamp="2026-05-20T15:42:26 IST" skipped="0">
  <testcase classname="DataProvider_Programs.DataProvider_Demo_Ex" name="Subtraction" time="0.003"/>
  <testcase classname="DataProvider_Programs.DataProvider_Demo_Ex" name="Addition" time="0.003"/>
  <testcase classname="DataProvider_Programs.DataProvider_Demo_Ex" name="Addition" time="0.032"/>
  <testcase classname="DataProvider_Programs.DataProvider_Demo_Ex" name="Addition" time="0.003"/>
  <testcase classname="DataProvider_Programs.DataProvider_Demo_Ex" name="Subtraction" time="0.002"/>
  <testcase classname="DataProvider_Programs.DataProvider_Demo_Ex" name="Subtraction" time="0.003"/>
</testsuite> <!-- DataProvider_Programs.DataProvider_Demo_Ex -->
