<?xml version="1.0" encoding="UTF-8"?>
<!-- Generated by org.testng.reporters.JUnitReportReporter -->
<testsuite hostname="BOOK-7F4GKOFG5N" failures="0" tests="3" name="TestNG_Programs.Ecommerce_Annotation" time="31.790" errors="0" timestamp="2026-05-17T01:38:41 IST" skipped="0">
  <testcase classname="TestNG_Programs.Ecommerce_Annotation" name="addItem" time="11.194"/>
  <testcase classname="TestNG_Programs.Ecommerce_Annotation" name="checkout" time="10.325"/>
  <testcase classname="TestNG_Programs.Ecommerce_Annotation" name="checkoutInfo" time="10.271"/>
</testsuite> <!-- TestNG_Programs.Ecommerce_Annotation -->
