<?xml version="1.0" encoding="UTF-8"?>
<!-- Generated by org.testng.reporters.JUnitReportReporter -->
<testsuite hostname="BOOK-7F4GKOFG5N" failures="0" tests="10" name="DataProvider_Programs.PrimeNumberWithDataProvider" time="0.043" errors="0" timestamp="2026-05-20T16:39:27 IST" skipped="0">
  <testcase classname="DataProvider_Programs.PrimeNumberWithDataProvider" name="TestPrimeNumber" time="0.002"/>
  <testcase classname="DataProvider_Programs.PrimeNumberWithDataProvider" name="TestPrimeNumber" time="0.003"/>
  <testcase classname="DataProvider_Programs.PrimeNumberWithDataProvider" name="TestPrimeNumber" time="0.002"/>
  <testcase classname="DataProvider_Programs.PrimeNumberWithDataProvider" name="TestPrimeNumber" time="0.023"/>
  <testcase classname="DataProvider_Programs.PrimeNumberWithDataProvider" name="TestPrimeNumber" time="0.002"/>
  <testcase classname="DataProvider_Programs.PrimeNumberWithDataProvider" name="TestPrimeNumber" time="0.002"/>
  <testcase classname="DataProvider_Programs.PrimeNumberWithDataProvider" name="TestPrimeNumber" time="0.002"/>
  <testcase classname="DataProvider_Programs.PrimeNumberWithDataProvider" name="TestPrimeNumber" time="0.001"/>
  <testcase classname="DataProvider_Programs.PrimeNumberWithDataProvider" name="TestPrimeNumber" time="0.003"/>
  <testcase classname="DataProvider_Programs.PrimeNumberWithDataProvider" name="TestPrimeNumber" time="0.003"/>
</testsuite> <!-- DataProvider_Programs.PrimeNumberWithDataProvider -->
