<?xml version="1.0" encoding="UTF-8"?>
<!-- Generated by org.testng.reporters.JUnitReportReporter -->
<testsuite hostname="BOOK-7F4GKOFG5N" failures="0" tests="9" name="DataProvider_Programs.Math_calculator_Test" time="0.045" errors="0" timestamp="2026-05-20T15:59:36 IST" skipped="0">
  <testcase classname="DataProvider_Programs.Math_calculator_Test" name="Subtraction" time="0.002"/>
  <testcase classname="DataProvider_Programs.Math_calculator_Test" name="Addition" time="0.002"/>
  <testcase classname="DataProvider_Programs.Math_calculator_Test" name="Subtraction" time="0.002"/>
  <testcase classname="DataProvider_Programs.Math_calculator_Test" name="Multiplication" time="0.003"/>
  <testcase classname="DataProvider_Programs.Math_calculator_Test" name="Subtraction" time="0.004"/>
  <testcase classname="DataProvider_Programs.Math_calculator_Test" name="Multiplication" time="0.003"/>
  <testcase classname="DataProvider_Programs.Math_calculator_Test" name="Addition" time="0.002"/>
  <testcase classname="DataProvider_Programs.Math_calculator_Test" name="Addition" time="0.024"/>
  <testcase classname="DataProvider_Programs.Math_calculator_Test" name="Multiplication" time="0.003"/>
</testsuite> <!-- DataProvider_Programs.Math_calculator_Test -->
