<?xml version="1.0" encoding="UTF-8"?>
<!-- Generated by org.testng.reporters.JUnitReportReporter -->
<testsuite hostname="BOOK-7F4GKOFG5N" failures="0" tests="3" name="TestNG_Programs.Priority_Test_Ex" time="0.028" errors="0" timestamp="2026-05-17T00:50:15 IST" skipped="0">
  <testcase classname="TestNG_Programs.Priority_Test_Ex" name="login" time="0.022"/>
  <testcase classname="TestNG_Programs.Priority_Test_Ex" name="search" time="0.003"/>
  <testcase classname="TestNG_Programs.Priority_Test_Ex" name="logout" time="0.003"/>
</testsuite> <!-- TestNG_Programs.Priority_Test_Ex -->
